

Microchip Technology PIC LITE Macro Assembler V1.37 build -260352376 
                                                                                               Thu Mar 31 22:51:16 2016

Microchip Technology Omniscient Code Generator v1.37 (Free mode) build 201603110536
     1                           	processor	16F1825
     2                           	opt	pw 120
     3                           	opt	lm
     4                           	psect	idataCOMMON,global,class=CODE,delta=2
     5                           	psect	stringtext,global,class=STRCODE,delta=2
     6                           	psect	cinit,global,class=CODE,merge=1,delta=2
     7                           	psect	bssCOMMON,global,class=COMMON,space=1,delta=1
     8                           	psect	dataCOMMON,global,class=COMMON,space=1,delta=1
     9                           	psect	cstackCOMMON,global,class=COMMON,space=1,delta=1
    10                           	psect	maintext,global,class=CODE,merge=1,split=1,delta=2
    11                           	psect	text1,local,class=CODE,merge=1,delta=2
    12                           	psect	text2,local,class=CODE,merge=1,delta=2
    13                           	psect	intentry,global,class=CODE,delta=2
    14                           	dabs	1,0x7E,2
    15  0000                     	;# 
    16  0001                     	;# 
    17  0002                     	;# 
    18  0003                     	;# 
    19  0004                     	;# 
    20  0005                     	;# 
    21  0006                     	;# 
    22  0007                     	;# 
    23  0008                     	;# 
    24  0009                     	;# 
    25  000A                     	;# 
    26  000B                     	;# 
    27  000C                     	;# 
    28  000E                     	;# 
    29  0011                     	;# 
    30  0012                     	;# 
    31  0013                     	;# 
    32  0015                     	;# 
    33  0016                     	;# 
    34  0016                     	;# 
    35  0017                     	;# 
    36  0018                     	;# 
    37  0019                     	;# 
    38  001A                     	;# 
    39  001B                     	;# 
    40  001C                     	;# 
    41  001E                     	;# 
    42  001F                     	;# 
    43  008C                     	;# 
    44  008E                     	;# 
    45  0091                     	;# 
    46  0092                     	;# 
    47  0093                     	;# 
    48  0095                     	;# 
    49  0096                     	;# 
    50  0097                     	;# 
    51  0098                     	;# 
    52  0099                     	;# 
    53  009A                     	;# 
    54  009B                     	;# 
    55  009B                     	;# 
    56  009C                     	;# 
    57  009D                     	;# 
    58  009E                     	;# 
    59  010C                     	;# 
    60  010E                     	;# 
    61  0111                     	;# 
    62  0112                     	;# 
    63  0113                     	;# 
    64  0114                     	;# 
    65  0115                     	;# 
    66  0116                     	;# 
    67  0117                     	;# 
    68  0118                     	;# 
    69  0119                     	;# 
    70  011A                     	;# 
    71  011B                     	;# 
    72  011D                     	;# 
    73  011E                     	;# 
    74  018C                     	;# 
    75  018E                     	;# 
    76  0191                     	;# 
    77  0191                     	;# 
    78  0192                     	;# 
    79  0193                     	;# 
    80  0193                     	;# 
    81  0193                     	;# 
    82  0194                     	;# 
    83  0195                     	;# 
    84  0196                     	;# 
    85  0199                     	;# 
    86  019A                     	;# 
    87  019B                     	;# 
    88  019B                     	;# 
    89  019C                     	;# 
    90  019D                     	;# 
    91  019E                     	;# 
    92  019F                     	;# 
    93  020C                     	;# 
    94  020E                     	;# 
    95  0211                     	;# 
    96  0211                     	;# 
    97  0212                     	;# 
    98  0212                     	;# 
    99  0213                     	;# 
   100  0213                     	;# 
   101  0214                     	;# 
   102  0214                     	;# 
   103  0215                     	;# 
   104  0215                     	;# 
   105  0215                     	;# 
   106  0216                     	;# 
   107  0216                     	;# 
   108  0217                     	;# 
   109  0217                     	;# 
   110  0291                     	;# 
   111  0291                     	;# 
   112  0292                     	;# 
   113  0293                     	;# 
   114  0294                     	;# 
   115  0295                     	;# 
   116  0295                     	;# 
   117  0296                     	;# 
   118  0298                     	;# 
   119  0298                     	;# 
   120  0299                     	;# 
   121  029A                     	;# 
   122  029B                     	;# 
   123  029C                     	;# 
   124  029D                     	;# 
   125  029E                     	;# 
   126  0311                     	;# 
   127  0311                     	;# 
   128  0312                     	;# 
   129  0313                     	;# 
   130  0318                     	;# 
   131  0318                     	;# 
   132  0319                     	;# 
   133  031A                     	;# 
   134  038C                     	;# 
   135  038E                     	;# 
   136  0391                     	;# 
   137  0392                     	;# 
   138  0393                     	;# 
   139  039A                     	;# 
   140  039C                     	;# 
   141  039D                     	;# 
   142  039E                     	;# 
   143  039F                     	;# 
   144  0415                     	;# 
   145  0416                     	;# 
   146  0417                     	;# 
   147  041C                     	;# 
   148  041D                     	;# 
   149  041E                     	;# 
   150  0FE4                     	;# 
   151  0FE5                     	;# 
   152  0FE6                     	;# 
   153  0FE7                     	;# 
   154  0FE8                     	;# 
   155  0FE9                     	;# 
   156  0FEA                     	;# 
   157  0FEB                     	;# 
   158  0FED                     	;# 
   159  0FEE                     	;# 
   160  0FEF                     	;# 
   161  0000                     	;# 
   162  0001                     	;# 
   163  0002                     	;# 
   164  0003                     	;# 
   165  0004                     	;# 
   166  0005                     	;# 
   167  0006                     	;# 
   168  0007                     	;# 
   169  0008                     	;# 
   170  0009                     	;# 
   171  000A                     	;# 
   172  000B                     	;# 
   173  000C                     	;# 
   174  000E                     	;# 
   175  0011                     	;# 
   176  0012                     	;# 
   177  0013                     	;# 
   178  0015                     	;# 
   179  0016                     	;# 
   180  0016                     	;# 
   181  0017                     	;# 
   182  0018                     	;# 
   183  0019                     	;# 
   184  001A                     	;# 
   185  001B                     	;# 
   186  001C                     	;# 
   187  001E                     	;# 
   188  001F                     	;# 
   189  008C                     	;# 
   190  008E                     	;# 
   191  0091                     	;# 
   192  0092                     	;# 
   193  0093                     	;# 
   194  0095                     	;# 
   195  0096                     	;# 
   196  0097                     	;# 
   197  0098                     	;# 
   198  0099                     	;# 
   199  009A                     	;# 
   200  009B                     	;# 
   201  009B                     	;# 
   202  009C                     	;# 
   203  009D                     	;# 
   204  009E                     	;# 
   205  010C                     	;# 
   206  010E                     	;# 
   207  0111                     	;# 
   208  0112                     	;# 
   209  0113                     	;# 
   210  0114                     	;# 
   211  0115                     	;# 
   212  0116                     	;# 
   213  0117                     	;# 
   214  0118                     	;# 
   215  0119                     	;# 
   216  011A                     	;# 
   217  011B                     	;# 
   218  011D                     	;# 
   219  011E                     	;# 
   220  018C                     	;# 
   221  018E                     	;# 
   222  0191                     	;# 
   223  0191                     	;# 
   224  0192                     	;# 
   225  0193                     	;# 
   226  0193                     	;# 
   227  0193                     	;# 
   228  0194                     	;# 
   229  0195                     	;# 
   230  0196                     	;# 
   231  0199                     	;# 
   232  019A                     	;# 
   233  019B                     	;# 
   234  019B                     	;# 
   235  019C                     	;# 
   236  019D                     	;# 
   237  019E                     	;# 
   238  019F                     	;# 
   239  020C                     	;# 
   240  020E                     	;# 
   241  0211                     	;# 
   242  0211                     	;# 
   243  0212                     	;# 
   244  0212                     	;# 
   245  0213                     	;# 
   246  0213                     	;# 
   247  0214                     	;# 
   248  0214                     	;# 
   249  0215                     	;# 
   250  0215                     	;# 
   251  0215                     	;# 
   252  0216                     	;# 
   253  0216                     	;# 
   254  0217                     	;# 
   255  0217                     	;# 
   256  0291                     	;# 
   257  0291                     	;# 
   258  0292                     	;# 
   259  0293                     	;# 
   260  0294                     	;# 
   261  0295                     	;# 
   262  0295                     	;# 
   263  0296                     	;# 
   264  0298                     	;# 
   265  0298                     	;# 
   266  0299                     	;# 
   267  029A                     	;# 
   268  029B                     	;# 
   269  029C                     	;# 
   270  029D                     	;# 
   271  029E                     	;# 
   272  0311                     	;# 
   273  0311                     	;# 
   274  0312                     	;# 
   275  0313                     	;# 
   276  0318                     	;# 
   277  0318                     	;# 
   278  0319                     	;# 
   279  031A                     	;# 
   280  038C                     	;# 
   281  038E                     	;# 
   282  0391                     	;# 
   283  0392                     	;# 
   284  0393                     	;# 
   285  039A                     	;# 
   286  039C                     	;# 
   287  039D                     	;# 
   288  039E                     	;# 
   289  039F                     	;# 
   290  0415                     	;# 
   291  0416                     	;# 
   292  0417                     	;# 
   293  041C                     	;# 
   294  041D                     	;# 
   295  041E                     	;# 
   296  0FE4                     	;# 
   297  0FE5                     	;# 
   298  0FE6                     	;# 
   299  0FE7                     	;# 
   300  0FE8                     	;# 
   301  0FE9                     	;# 
   302  0FEA                     	;# 
   303  0FEB                     	;# 
   304  0FED                     	;# 
   305  0FEE                     	;# 
   306  0FEF                     	;# 
   307  0000                     	;# 
   308  0001                     	;# 
   309  0002                     	;# 
   310  0003                     	;# 
   311  0004                     	;# 
   312  0005                     	;# 
   313  0006                     	;# 
   314  0007                     	;# 
   315  0008                     	;# 
   316  0009                     	;# 
   317  000A                     	;# 
   318  000B                     	;# 
   319  000C                     	;# 
   320  000E                     	;# 
   321  0011                     	;# 
   322  0012                     	;# 
   323  0013                     	;# 
   324  0015                     	;# 
   325  0016                     	;# 
   326  0016                     	;# 
   327  0017                     	;# 
   328  0018                     	;# 
   329  0019                     	;# 
   330  001A                     	;# 
   331  001B                     	;# 
   332  001C                     	;# 
   333  001E                     	;# 
   334  001F                     	;# 
   335  008C                     	;# 
   336  008E                     	;# 
   337  0091                     	;# 
   338  0092                     	;# 
   339  0093                     	;# 
   340  0095                     	;# 
   341  0096                     	;# 
   342  0097                     	;# 
   343  0098                     	;# 
   344  0099                     	;# 
   345  009A                     	;# 
   346  009B                     	;# 
   347  009B                     	;# 
   348  009C                     	;# 
   349  009D                     	;# 
   350  009E                     	;# 
   351  010C                     	;# 
   352  010E                     	;# 
   353  0111                     	;# 
   354  0112                     	;# 
   355  0113                     	;# 
   356  0114                     	;# 
   357  0115                     	;# 
   358  0116                     	;# 
   359  0117                     	;# 
   360  0118                     	;# 
   361  0119                     	;# 
   362  011A                     	;# 
   363  011B                     	;# 
   364  011D                     	;# 
   365  011E                     	;# 
   366  018C                     	;# 
   367  018E                     	;# 
   368  0191                     	;# 
   369  0191                     	;# 
   370  0192                     	;# 
   371  0193                     	;# 
   372  0193                     	;# 
   373  0193                     	;# 
   374  0194                     	;# 
   375  0195                     	;# 
   376  0196                     	;# 
   377  0199                     	;# 
   378  019A                     	;# 
   379  019B                     	;# 
   380  019B                     	;# 
   381  019C                     	;# 
   382  019D                     	;# 
   383  019E                     	;# 
   384  019F                     	;# 
   385  020C                     	;# 
   386  020E                     	;# 
   387  0211                     	;# 
   388  0211                     	;# 
   389  0212                     	;# 
   390  0212                     	;# 
   391  0213                     	;# 
   392  0213                     	;# 
   393  0214                     	;# 
   394  0214                     	;# 
   395  0215                     	;# 
   396  0215                     	;# 
   397  0215                     	;# 
   398  0216                     	;# 
   399  0216                     	;# 
   400  0217                     	;# 
   401  0217                     	;# 
   402  0291                     	;# 
   403  0291                     	;# 
   404  0292                     	;# 
   405  0293                     	;# 
   406  0294                     	;# 
   407  0295                     	;# 
   408  0295                     	;# 
   409  0296                     	;# 
   410  0298                     	;# 
   411  0298                     	;# 
   412  0299                     	;# 
   413  029A                     	;# 
   414  029B                     	;# 
   415  029C                     	;# 
   416  029D                     	;# 
   417  029E                     	;# 
   418  0311                     	;# 
   419  0311                     	;# 
   420  0312                     	;# 
   421  0313                     	;# 
   422  0318                     	;# 
   423  0318                     	;# 
   424  0319                     	;# 
   425  031A                     	;# 
   426  038C                     	;# 
   427  038E                     	;# 
   428  0391                     	;# 
   429  0392                     	;# 
   430  0393                     	;# 
   431  039A                     	;# 
   432  039C                     	;# 
   433  039D                     	;# 
   434  039E                     	;# 
   435  039F                     	;# 
   436  0415                     	;# 
   437  0416                     	;# 
   438  0417                     	;# 
   439  041C                     	;# 
   440  041D                     	;# 
   441  041E                     	;# 
   442  0FE4                     	;# 
   443  0FE5                     	;# 
   444  0FE6                     	;# 
   445  0FE7                     	;# 
   446  0FE8                     	;# 
   447  0FE9                     	;# 
   448  0FEA                     	;# 
   449  0FEB                     	;# 
   450  0FED                     	;# 
   451  0FEE                     	;# 
   452  0FEF                     	;# 
   453  0000                     	;# 
   454  0001                     	;# 
   455  0002                     	;# 
   456  0003                     	;# 
   457  0004                     	;# 
   458  0005                     	;# 
   459  0006                     	;# 
   460  0007                     	;# 
   461  0008                     	;# 
   462  0009                     	;# 
   463  000A                     	;# 
   464  000B                     	;# 
   465  000C                     	;# 
   466  000E                     	;# 
   467  0011                     	;# 
   468  0012                     	;# 
   469  0013                     	;# 
   470  0015                     	;# 
   471  0016                     	;# 
   472  0016                     	;# 
   473  0017                     	;# 
   474  0018                     	;# 
   475  0019                     	;# 
   476  001A                     	;# 
   477  001B                     	;# 
   478  001C                     	;# 
   479  001E                     	;# 
   480  001F                     	;# 
   481  008C                     	;# 
   482  008E                     	;# 
   483  0091                     	;# 
   484  0092                     	;# 
   485  0093                     	;# 
   486  0095                     	;# 
   487  0096                     	;# 
   488  0097                     	;# 
   489  0098                     	;# 
   490  0099                     	;# 
   491  009A                     	;# 
   492  009B                     	;# 
   493  009B                     	;# 
   494  009C                     	;# 
   495  009D                     	;# 
   496  009E                     	;# 
   497  010C                     	;# 
   498  010E                     	;# 
   499  0111                     	;# 
   500  0112                     	;# 
   501  0113                     	;# 
   502  0114                     	;# 
   503  0115                     	;# 
   504  0116                     	;# 
   505  0117                     	;# 
   506  0118                     	;# 
   507  0119                     	;# 
   508  011A                     	;# 
   509  011B                     	;# 
   510  011D                     	;# 
   511  011E                     	;# 
   512  018C                     	;# 
   513  018E                     	;# 
   514  0191                     	;# 
   515  0191                     	;# 
   516  0192                     	;# 
   517  0193                     	;# 
   518  0193                     	;# 
   519  0193                     	;# 
   520  0194                     	;# 
   521  0195                     	;# 
   522  0196                     	;# 
   523  0199                     	;# 
   524  019A                     	;# 
   525  019B                     	;# 
   526  019B                     	;# 
   527  019C                     	;# 
   528  019D                     	;# 
   529  019E                     	;# 
   530  019F                     	;# 
   531  020C                     	;# 
   532  020E                     	;# 
   533  0211                     	;# 
   534  0211                     	;# 
   535  0212                     	;# 
   536  0212                     	;# 
   537  0213                     	;# 
   538  0213                     	;# 
   539  0214                     	;# 
   540  0214                     	;# 
   541  0215                     	;# 
   542  0215                     	;# 
   543  0215                     	;# 
   544  0216                     	;# 
   545  0216                     	;# 
   546  0217                     	;# 
   547  0217                     	;# 
   548  0291                     	;# 
   549  0291                     	;# 
   550  0292                     	;# 
   551  0293                     	;# 
   552  0294                     	;# 
   553  0295                     	;# 
   554  0295                     	;# 
   555  0296                     	;# 
   556  0298                     	;# 
   557  0298                     	;# 
   558  0299                     	;# 
   559  029A                     	;# 
   560  029B                     	;# 
   561  029C                     	;# 
   562  029D                     	;# 
   563  029E                     	;# 
   564  0311                     	;# 
   565  0311                     	;# 
   566  0312                     	;# 
   567  0313                     	;# 
   568  0318                     	;# 
   569  0318                     	;# 
   570  0319                     	;# 
   571  031A                     	;# 
   572  038C                     	;# 
   573  038E                     	;# 
   574  0391                     	;# 
   575  0392                     	;# 
   576  0393                     	;# 
   577  039A                     	;# 
   578  039C                     	;# 
   579  039D                     	;# 
   580  039E                     	;# 
   581  039F                     	;# 
   582  0415                     	;# 
   583  0416                     	;# 
   584  0417                     	;# 
   585  041C                     	;# 
   586  041D                     	;# 
   587  041E                     	;# 
   588  0FE4                     	;# 
   589  0FE5                     	;# 
   590  0FE6                     	;# 
   591  0FE7                     	;# 
   592  0FE8                     	;# 
   593  0FE9                     	;# 
   594  0FEA                     	;# 
   595  0FEB                     	;# 
   596  0FED                     	;# 
   597  0FEE                     	;# 
   598  0FEF                     	;# 
   599  0000                     	;# 
   600  0001                     	;# 
   601  0002                     	;# 
   602  0003                     	;# 
   603  0004                     	;# 
   604  0005                     	;# 
   605  0006                     	;# 
   606  0007                     	;# 
   607  0008                     	;# 
   608  0009                     	;# 
   609  000A                     	;# 
   610  000B                     	;# 
   611  000C                     	;# 
   612  000E                     	;# 
   613  0011                     	;# 
   614  0012                     	;# 
   615  0013                     	;# 
   616  0015                     	;# 
   617  0016                     	;# 
   618  0016                     	;# 
   619  0017                     	;# 
   620  0018                     	;# 
   621  0019                     	;# 
   622  001A                     	;# 
   623  001B                     	;# 
   624  001C                     	;# 
   625  001E                     	;# 
   626  001F                     	;# 
   627  008C                     	;# 
   628  008E                     	;# 
   629  0091                     	;# 
   630  0092                     	;# 
   631  0093                     	;# 
   632  0095                     	;# 
   633  0096                     	;# 
   634  0097                     	;# 
   635  0098                     	;# 
   636  0099                     	;# 
   637  009A                     	;# 
   638  009B                     	;# 
   639  009B                     	;# 
   640  009C                     	;# 
   641  009D                     	;# 
   642  009E                     	;# 
   643  010C                     	;# 
   644  010E                     	;# 
   645  0111                     	;# 
   646  0112                     	;# 
   647  0113                     	;# 
   648  0114                     	;# 
   649  0115                     	;# 
   650  0116                     	;# 
   651  0117                     	;# 
   652  0118                     	;# 
   653  0119                     	;# 
   654  011A                     	;# 
   655  011B                     	;# 
   656  011D                     	;# 
   657  011E                     	;# 
   658  018C                     	;# 
   659  018E                     	;# 
   660  0191                     	;# 
   661  0191                     	;# 
   662  0192                     	;# 
   663  0193                     	;# 
   664  0193                     	;# 
   665  0193                     	;# 
   666  0194                     	;# 
   667  0195                     	;# 
   668  0196                     	;# 
   669  0199                     	;# 
   670  019A                     	;# 
   671  019B                     	;# 
   672  019B                     	;# 
   673  019C                     	;# 
   674  019D                     	;# 
   675  019E                     	;# 
   676  019F                     	;# 
   677  020C                     	;# 
   678  020E                     	;# 
   679  0211                     	;# 
   680  0211                     	;# 
   681  0212                     	;# 
   682  0212                     	;# 
   683  0213                     	;# 
   684  0213                     	;# 
   685  0214                     	;# 
   686  0214                     	;# 
   687  0215                     	;# 
   688  0215                     	;# 
   689  0215                     	;# 
   690  0216                     	;# 
   691  0216                     	;# 
   692  0217                     	;# 
   693  0217                     	;# 
   694  0291                     	;# 
   695  0291                     	;# 
   696  0292                     	;# 
   697  0293                     	;# 
   698  0294                     	;# 
   699  0295                     	;# 
   700  0295                     	;# 
   701  0296                     	;# 
   702  0298                     	;# 
   703  0298                     	;# 
   704  0299                     	;# 
   705  029A                     	;# 
   706  029B                     	;# 
   707  029C                     	;# 
   708  029D                     	;# 
   709  029E                     	;# 
   710  0311                     	;# 
   711  0311                     	;# 
   712  0312                     	;# 
   713  0313                     	;# 
   714  0318                     	;# 
   715  0318                     	;# 
   716  0319                     	;# 
   717  031A                     	;# 
   718  038C                     	;# 
   719  038E                     	;# 
   720  0391                     	;# 
   721  0392                     	;# 
   722  0393                     	;# 
   723  039A                     	;# 
   724  039C                     	;# 
   725  039D                     	;# 
   726  039E                     	;# 
   727  039F                     	;# 
   728  0415                     	;# 
   729  0416                     	;# 
   730  0417                     	;# 
   731  041C                     	;# 
   732  041D                     	;# 
   733  041E                     	;# 
   734  0FE4                     	;# 
   735  0FE5                     	;# 
   736  0FE6                     	;# 
   737  0FE7                     	;# 
   738  0FE8                     	;# 
   739  0FE9                     	;# 
   740  0FEA                     	;# 
   741  0FEB                     	;# 
   742  0FED                     	;# 
   743  0FEE                     	;# 
   744  0FEF                     	;# 
   745  0000                     	;# 
   746  0001                     	;# 
   747  0002                     	;# 
   748  0003                     	;# 
   749  0004                     	;# 
   750  0005                     	;# 
   751  0006                     	;# 
   752  0007                     	;# 
   753  0008                     	;# 
   754  0009                     	;# 
   755  000A                     	;# 
   756  000B                     	;# 
   757  000C                     	;# 
   758  000E                     	;# 
   759  0011                     	;# 
   760  0012                     	;# 
   761  0013                     	;# 
   762  0015                     	;# 
   763  0016                     	;# 
   764  0016                     	;# 
   765  0017                     	;# 
   766  0018                     	;# 
   767  0019                     	;# 
   768  001A                     	;# 
   769  001B                     	;# 
   770  001C                     	;# 
   771  001E                     	;# 
   772  001F                     	;# 
   773  008C                     	;# 
   774  008E                     	;# 
   775  0091                     	;# 
   776  0092                     	;# 
   777  0093                     	;# 
   778  0095                     	;# 
   779  0096                     	;# 
   780  0097                     	;# 
   781  0098                     	;# 
   782  0099                     	;# 
   783  009A                     	;# 
   784  009B                     	;# 
   785  009B                     	;# 
   786  009C                     	;# 
   787  009D                     	;# 
   788  009E                     	;# 
   789  010C                     	;# 
   790  010E                     	;# 
   791  0111                     	;# 
   792  0112                     	;# 
   793  0113                     	;# 
   794  0114                     	;# 
   795  0115                     	;# 
   796  0116                     	;# 
   797  0117                     	;# 
   798  0118                     	;# 
   799  0119                     	;# 
   800  011A                     	;# 
   801  011B                     	;# 
   802  011D                     	;# 
   803  011E                     	;# 
   804  018C                     	;# 
   805  018E                     	;# 
   806  0191                     	;# 
   807  0191                     	;# 
   808  0192                     	;# 
   809  0193                     	;# 
   810  0193                     	;# 
   811  0193                     	;# 
   812  0194                     	;# 
   813  0195                     	;# 
   814  0196                     	;# 
   815  0199                     	;# 
   816  019A                     	;# 
   817  019B                     	;# 
   818  019B                     	;# 
   819  019C                     	;# 
   820  019D                     	;# 
   821  019E                     	;# 
   822  019F                     	;# 
   823  020C                     	;# 
   824  020E                     	;# 
   825  0211                     	;# 
   826  0211                     	;# 
   827  0212                     	;# 
   828  0212                     	;# 
   829  0213                     	;# 
   830  0213                     	;# 
   831  0214                     	;# 
   832  0214                     	;# 
   833  0215                     	;# 
   834  0215                     	;# 
   835  0215                     	;# 
   836  0216                     	;# 
   837  0216                     	;# 
   838  0217                     	;# 
   839  0217                     	;# 
   840  0291                     	;# 
   841  0291                     	;# 
   842  0292                     	;# 
   843  0293                     	;# 
   844  0294                     	;# 
   845  0295                     	;# 
   846  0295                     	;# 
   847  0296                     	;# 
   848  0298                     	;# 
   849  0298                     	;# 
   850  0299                     	;# 
   851  029A                     	;# 
   852  029B                     	;# 
   853  029C                     	;# 
   854  029D                     	;# 
   855  029E                     	;# 
   856  0311                     	;# 
   857  0311                     	;# 
   858  0312                     	;# 
   859  0313                     	;# 
   860  0318                     	;# 
   861  0318                     	;# 
   862  0319                     	;# 
   863  031A                     	;# 
   864  038C                     	;# 
   865  038E                     	;# 
   866  0391                     	;# 
   867  0392                     	;# 
   868  0393                     	;# 
   869  039A                     	;# 
   870  039C                     	;# 
   871  039D                     	;# 
   872  039E                     	;# 
   873  039F                     	;# 
   874  0415                     	;# 
   875  0416                     	;# 
   876  0417                     	;# 
   877  041C                     	;# 
   878  041D                     	;# 
   879  041E                     	;# 
   880  0FE4                     	;# 
   881  0FE5                     	;# 
   882  0FE6                     	;# 
   883  0FE7                     	;# 
   884  0FE8                     	;# 
   885  0FE9                     	;# 
   886  0FEA                     	;# 
   887  0FEB                     	;# 
   888  0FED                     	;# 
   889  0FEE                     	;# 
   890  0FEF                     	;# 
   891  0000                     	;# 
   892  0001                     	;# 
   893  0002                     	;# 
   894  0003                     	;# 
   895  0004                     	;# 
   896  0005                     	;# 
   897  0006                     	;# 
   898  0007                     	;# 
   899  0008                     	;# 
   900  0009                     	;# 
   901  000A                     	;# 
   902  000B                     	;# 
   903  000C                     	;# 
   904  000E                     	;# 
   905  0011                     	;# 
   906  0012                     	;# 
   907  0013                     	;# 
   908  0015                     	;# 
   909  0016                     	;# 
   910  0016                     	;# 
   911  0017                     	;# 
   912  0018                     	;# 
   913  0019                     	;# 
   914  001A                     	;# 
   915  001B                     	;# 
   916  001C                     	;# 
   917  001E                     	;# 
   918  001F                     	;# 
   919  008C                     	;# 
   920  008E                     	;# 
   921  0091                     	;# 
   922  0092                     	;# 
   923  0093                     	;# 
   924  0095                     	;# 
   925  0096                     	;# 
   926  0097                     	;# 
   927  0098                     	;# 
   928  0099                     	;# 
   929  009A                     	;# 
   930  009B                     	;# 
   931  009B                     	;# 
   932  009C                     	;# 
   933  009D                     	;# 
   934  009E                     	;# 
   935  010C                     	;# 
   936  010E                     	;# 
   937  0111                     	;# 
   938  0112                     	;# 
   939  0113                     	;# 
   940  0114                     	;# 
   941  0115                     	;# 
   942  0116                     	;# 
   943  0117                     	;# 
   944  0118                     	;# 
   945  0119                     	;# 
   946  011A                     	;# 
   947  011B                     	;# 
   948  011D                     	;# 
   949  011E                     	;# 
   950  018C                     	;# 
   951  018E                     	;# 
   952  0191                     	;# 
   953  0191                     	;# 
   954  0192                     	;# 
   955  0193                     	;# 
   956  0193                     	;# 
   957  0193                     	;# 
   958  0194                     	;# 
   959  0195                     	;# 
   960  0196                     	;# 
   961  0199                     	;# 
   962  019A                     	;# 
   963  019B                     	;# 
   964  019B                     	;# 
   965  019C                     	;# 
   966  019D                     	;# 
   967  019E                     	;# 
   968  019F                     	;# 
   969  020C                     	;# 
   970  020E                     	;# 
   971  0211                     	;# 
   972  0211                     	;# 
   973  0212                     	;# 
   974  0212                     	;# 
   975  0213                     	;# 
   976  0213                     	;# 
   977  0214                     	;# 
   978  0214                     	;# 
   979  0215                     	;# 
   980  0215                     	;# 
   981  0215                     	;# 
   982  0216                     	;# 
   983  0216                     	;# 
   984  0217                     	;# 
   985  0217                     	;# 
   986  0291                     	;# 
   987  0291                     	;# 
   988  0292                     	;# 
   989  0293                     	;# 
   990  0294                     	;# 
   991  0295                     	;# 
   992  0295                     	;# 
   993  0296                     	;# 
   994  0298                     	;# 
   995  0298                     	;# 
   996  0299                     	;# 
   997  029A                     	;# 
   998  029B                     	;# 
   999  029C                     	;# 
  1000  029D                     	;# 
  1001  029E                     	;# 
  1002  0311                     	;# 
  1003  0311                     	;# 
  1004  0312                     	;# 
  1005  0313                     	;# 
  1006  0318                     	;# 
  1007  0318                     	;# 
  1008  0319                     	;# 
  1009  031A                     	;# 
  1010  038C                     	;# 
  1011  038E                     	;# 
  1012  0391                     	;# 
  1013  0392                     	;# 
  1014  0393                     	;# 
  1015  039A                     	;# 
  1016  039C                     	;# 
  1017  039D                     	;# 
  1018  039E                     	;# 
  1019  039F                     	;# 
  1020  0415                     	;# 
  1021  0416                     	;# 
  1022  0417                     	;# 
  1023  041C                     	;# 
  1024  041D                     	;# 
  1025  041E                     	;# 
  1026  0FE4                     	;# 
  1027  0FE5                     	;# 
  1028  0FE6                     	;# 
  1029  0FE7                     	;# 
  1030  0FE8                     	;# 
  1031  0FE9                     	;# 
  1032  0FEA                     	;# 
  1033  0FEB                     	;# 
  1034  0FED                     	;# 
  1035  0FEE                     	;# 
  1036  0FEF                     	;# 
  1037  0000                     	;# 
  1038  0001                     	;# 
  1039  0002                     	;# 
  1040  0003                     	;# 
  1041  0004                     	;# 
  1042  0005                     	;# 
  1043  0006                     	;# 
  1044  0007                     	;# 
  1045  0008                     	;# 
  1046  0009                     	;# 
  1047  000A                     	;# 
  1048  000B                     	;# 
  1049  000C                     	;# 
  1050  000E                     	;# 
  1051  0011                     	;# 
  1052  0012                     	;# 
  1053  0013                     	;# 
  1054  0015                     	;# 
  1055  0016                     	;# 
  1056  0016                     	;# 
  1057  0017                     	;# 
  1058  0018                     	;# 
  1059  0019                     	;# 
  1060  001A                     	;# 
  1061  001B                     	;# 
  1062  001C                     	;# 
  1063  001E                     	;# 
  1064  001F                     	;# 
  1065  008C                     	;# 
  1066  008E                     	;# 
  1067  0091                     	;# 
  1068  0092                     	;# 
  1069  0093                     	;# 
  1070  0095                     	;# 
  1071  0096                     	;# 
  1072  0097                     	;# 
  1073  0098                     	;# 
  1074  0099                     	;# 
  1075  009A                     	;# 
  1076  009B                     	;# 
  1077  009B                     	;# 
  1078  009C                     	;# 
  1079  009D                     	;# 
  1080  009E                     	;# 
  1081  010C                     	;# 
  1082  010E                     	;# 
  1083  0111                     	;# 
  1084  0112                     	;# 
  1085  0113                     	;# 
  1086  0114                     	;# 
  1087  0115                     	;# 
  1088  0116                     	;# 
  1089  0117                     	;# 
  1090  0118                     	;# 
  1091  0119                     	;# 
  1092  011A                     	;# 
  1093  011B                     	;# 
  1094  011D                     	;# 
  1095  011E                     	;# 
  1096  018C                     	;# 
  1097  018E                     	;# 
  1098  0191                     	;# 
  1099  0191                     	;# 
  1100  0192                     	;# 
  1101  0193                     	;# 
  1102  0193                     	;# 
  1103  0193                     	;# 
  1104  0194                     	;# 
  1105  0195                     	;# 
  1106  0196                     	;# 
  1107  0199                     	;# 
  1108  019A                     	;# 
  1109  019B                     	;# 
  1110  019B                     	;# 
  1111  019C                     	;# 
  1112  019D                     	;# 
  1113  019E                     	;# 
  1114  019F                     	;# 
  1115  020C                     	;# 
  1116  020E                     	;# 
  1117  0211                     	;# 
  1118  0211                     	;# 
  1119  0212                     	;# 
  1120  0212                     	;# 
  1121  0213                     	;# 
  1122  0213                     	;# 
  1123  0214                     	;# 
  1124  0214                     	;# 
  1125  0215                     	;# 
  1126  0215                     	;# 
  1127  0215                     	;# 
  1128  0216                     	;# 
  1129  0216                     	;# 
  1130  0217                     	;# 
  1131  0217                     	;# 
  1132  0291                     	;# 
  1133  0291                     	;# 
  1134  0292                     	;# 
  1135  0293                     	;# 
  1136  0294                     	;# 
  1137  0295                     	;# 
  1138  0295                     	;# 
  1139  0296                     	;# 
  1140  0298                     	;# 
  1141  0298                     	;# 
  1142  0299                     	;# 
  1143  029A                     	;# 
  1144  029B                     	;# 
  1145  029C                     	;# 
  1146  029D                     	;# 
  1147  029E                     	;# 
  1148  0311                     	;# 
  1149  0311                     	;# 
  1150  0312                     	;# 
  1151  0313                     	;# 
  1152  0318                     	;# 
  1153  0318                     	;# 
  1154  0319                     	;# 
  1155  031A                     	;# 
  1156  038C                     	;# 
  1157  038E                     	;# 
  1158  0391                     	;# 
  1159  0392                     	;# 
  1160  0393                     	;# 
  1161  039A                     	;# 
  1162  039C                     	;# 
  1163  039D                     	;# 
  1164  039E                     	;# 
  1165  039F                     	;# 
  1166  0415                     	;# 
  1167  0416                     	;# 
  1168  0417                     	;# 
  1169  041C                     	;# 
  1170  041D                     	;# 
  1171  041E                     	;# 
  1172  0FE4                     	;# 
  1173  0FE5                     	;# 
  1174  0FE6                     	;# 
  1175  0FE7                     	;# 
  1176  0FE8                     	;# 
  1177  0FE9                     	;# 
  1178  0FEA                     	;# 
  1179  0FEB                     	;# 
  1180  0FED                     	;# 
  1181  0FEE                     	;# 
  1182  0FEF                     	;# 
  1183  0000                     	;# 
  1184  0001                     	;# 
  1185  0002                     	;# 
  1186  0003                     	;# 
  1187  0004                     	;# 
  1188  0005                     	;# 
  1189  0006                     	;# 
  1190  0007                     	;# 
  1191  0008                     	;# 
  1192  0009                     	;# 
  1193  000A                     	;# 
  1194  000B                     	;# 
  1195  000C                     	;# 
  1196  000E                     	;# 
  1197  0011                     	;# 
  1198  0012                     	;# 
  1199  0013                     	;# 
  1200  0015                     	;# 
  1201  0016                     	;# 
  1202  0016                     	;# 
  1203  0017                     	;# 
  1204  0018                     	;# 
  1205  0019                     	;# 
  1206  001A                     	;# 
  1207  001B                     	;# 
  1208  001C                     	;# 
  1209  001E                     	;# 
  1210  001F                     	;# 
  1211  008C                     	;# 
  1212  008E                     	;# 
  1213  0091                     	;# 
  1214  0092                     	;# 
  1215  0093                     	;# 
  1216  0095                     	;# 
  1217  0096                     	;# 
  1218  0097                     	;# 
  1219  0098                     	;# 
  1220  0099                     	;# 
  1221  009A                     	;# 
  1222  009B                     	;# 
  1223  009B                     	;# 
  1224  009C                     	;# 
  1225  009D                     	;# 
  1226  009E                     	;# 
  1227  010C                     	;# 
  1228  010E                     	;# 
  1229  0111                     	;# 
  1230  0112                     	;# 
  1231  0113                     	;# 
  1232  0114                     	;# 
  1233  0115                     	;# 
  1234  0116                     	;# 
  1235  0117                     	;# 
  1236  0118                     	;# 
  1237  0119                     	;# 
  1238  011A                     	;# 
  1239  011B                     	;# 
  1240  011D                     	;# 
  1241  011E                     	;# 
  1242  018C                     	;# 
  1243  018E                     	;# 
  1244  0191                     	;# 
  1245  0191                     	;# 
  1246  0192                     	;# 
  1247  0193                     	;# 
  1248  0193                     	;# 
  1249  0193                     	;# 
  1250  0194                     	;# 
  1251  0195                     	;# 
  1252  0196                     	;# 
  1253  0199                     	;# 
  1254  019A                     	;# 
  1255  019B                     	;# 
  1256  019B                     	;# 
  1257  019C                     	;# 
  1258  019D                     	;# 
  1259  019E                     	;# 
  1260  019F                     	;# 
  1261  020C                     	;# 
  1262  020E                     	;# 
  1263  0211                     	;# 
  1264  0211                     	;# 
  1265  0212                     	;# 
  1266  0212                     	;# 
  1267  0213                     	;# 
  1268  0213                     	;# 
  1269  0214                     	;# 
  1270  0214                     	;# 
  1271  0215                     	;# 
  1272  0215                     	;# 
  1273  0215                     	;# 
  1274  0216                     	;# 
  1275  0216                     	;# 
  1276  0217                     	;# 
  1277  0217                     	;# 
  1278  0291                     	;# 
  1279  0291                     	;# 
  1280  0292                     	;# 
  1281  0293                     	;# 
  1282  0294                     	;# 
  1283  0295                     	;# 
  1284  0295                     	;# 
  1285  0296                     	;# 
  1286  0298                     	;# 
  1287  0298                     	;# 
  1288  0299                     	;# 
  1289  029A                     	;# 
  1290  029B                     	;# 
  1291  029C                     	;# 
  1292  029D                     	;# 
  1293  029E                     	;# 
  1294  0311                     	;# 
  1295  0311                     	;# 
  1296  0312                     	;# 
  1297  0313                     	;# 
  1298  0318                     	;# 
  1299  0318                     	;# 
  1300  0319                     	;# 
  1301  031A                     	;# 
  1302  038C                     	;# 
  1303  038E                     	;# 
  1304  0391                     	;# 
  1305  0392                     	;# 
  1306  0393                     	;# 
  1307  039A                     	;# 
  1308  039C                     	;# 
  1309  039D                     	;# 
  1310  039E                     	;# 
  1311  039F                     	;# 
  1312  0415                     	;# 
  1313  0416                     	;# 
  1314  0417                     	;# 
  1315  041C                     	;# 
  1316  041D                     	;# 
  1317  041E                     	;# 
  1318  0FE4                     	;# 
  1319  0FE5                     	;# 
  1320  0FE6                     	;# 
  1321  0FE7                     	;# 
  1322  0FE8                     	;# 
  1323  0FE9                     	;# 
  1324  0FEA                     	;# 
  1325  0FEB                     	;# 
  1326  0FED                     	;# 
  1327  0FEE                     	;# 
  1328  0FEF                     	;# 
  1329  0000                     	;# 
  1330  0001                     	;# 
  1331  0002                     	;# 
  1332  0003                     	;# 
  1333  0004                     	;# 
  1334  0005                     	;# 
  1335  0006                     	;# 
  1336  0007                     	;# 
  1337  0008                     	;# 
  1338  0009                     	;# 
  1339  000A                     	;# 
  1340  000B                     	;# 
  1341  000C                     	;# 
  1342  000E                     	;# 
  1343  0011                     	;# 
  1344  0012                     	;# 
  1345  0013                     	;# 
  1346  0015                     	;# 
  1347  0016                     	;# 
  1348  0016                     	;# 
  1349  0017                     	;# 
  1350  0018                     	;# 
  1351  0019                     	;# 
  1352  001A                     	;# 
  1353  001B                     	;# 
  1354  001C                     	;# 
  1355  001E                     	;# 
  1356  001F                     	;# 
  1357  008C                     	;# 
  1358  008E                     	;# 
  1359  0091                     	;# 
  1360  0092                     	;# 
  1361  0093                     	;# 
  1362  0095                     	;# 
  1363  0096                     	;# 
  1364  0097                     	;# 
  1365  0098                     	;# 
  1366  0099                     	;# 
  1367  009A                     	;# 
  1368  009B                     	;# 
  1369  009B                     	;# 
  1370  009C                     	;# 
  1371  009D                     	;# 
  1372  009E                     	;# 
  1373  010C                     	;# 
  1374  010E                     	;# 
  1375  0111                     	;# 
  1376  0112                     	;# 
  1377  0113                     	;# 
  1378  0114                     	;# 
  1379  0115                     	;# 
  1380  0116                     	;# 
  1381  0117                     	;# 
  1382  0118                     	;# 
  1383  0119                     	;# 
  1384  011A                     	;# 
  1385  011B                     	;# 
  1386  011D                     	;# 
  1387  011E                     	;# 
  1388  018C                     	;# 
  1389  018E                     	;# 
  1390  0191                     	;# 
  1391  0191                     	;# 
  1392  0192                     	;# 
  1393  0193                     	;# 
  1394  0193                     	;# 
  1395  0193                     	;# 
  1396  0194                     	;# 
  1397  0195                     	;# 
  1398  0196                     	;# 
  1399  0199                     	;# 
  1400  019A                     	;# 
  1401  019B                     	;# 
  1402  019B                     	;# 
  1403  019C                     	;# 
  1404  019D                     	;# 
  1405  019E                     	;# 
  1406  019F                     	;# 
  1407  020C                     	;# 
  1408  020E                     	;# 
  1409  0211                     	;# 
  1410  0211                     	;# 
  1411  0212                     	;# 
  1412  0212                     	;# 
  1413  0213                     	;# 
  1414  0213                     	;# 
  1415  0214                     	;# 
  1416  0214                     	;# 
  1417  0215                     	;# 
  1418  0215                     	;# 
  1419  0215                     	;# 
  1420  0216                     	;# 
  1421  0216                     	;# 
  1422  0217                     	;# 
  1423  0217                     	;# 
  1424  0291                     	;# 
  1425  0291                     	;# 
  1426  0292                     	;# 
  1427  0293                     	;# 
  1428  0294                     	;# 
  1429  0295                     	;# 
  1430  0295                     	;# 
  1431  0296                     	;# 
  1432  0298                     	;# 
  1433  0298                     	;# 
  1434  0299                     	;# 
  1435  029A                     	;# 
  1436  029B                     	;# 
  1437  029C                     	;# 
  1438  029D                     	;# 
  1439  029E                     	;# 
  1440  0311                     	;# 
  1441  0311                     	;# 
  1442  0312                     	;# 
  1443  0313                     	;# 
  1444  0318                     	;# 
  1445  0318                     	;# 
  1446  0319                     	;# 
  1447  031A                     	;# 
  1448  038C                     	;# 
  1449  038E                     	;# 
  1450  0391                     	;# 
  1451  0392                     	;# 
  1452  0393                     	;# 
  1453  039A                     	;# 
  1454  039C                     	;# 
  1455  039D                     	;# 
  1456  039E                     	;# 
  1457  039F                     	;# 
  1458  0415                     	;# 
  1459  0416                     	;# 
  1460  0417                     	;# 
  1461  041C                     	;# 
  1462  041D                     	;# 
  1463  041E                     	;# 
  1464  0FE4                     	;# 
  1465  0FE5                     	;# 
  1466  0FE6                     	;# 
  1467  0FE7                     	;# 
  1468  0FE8                     	;# 
  1469  0FE9                     	;# 
  1470  0FEA                     	;# 
  1471  0FEB                     	;# 
  1472  0FED                     	;# 
  1473  0FEE                     	;# 
  1474  0FEF                     	;# 
  1475  0000                     	;# 
  1476  0001                     	;# 
  1477  0002                     	;# 
  1478  0003                     	;# 
  1479  0004                     	;# 
  1480  0005                     	;# 
  1481  0006                     	;# 
  1482  0007                     	;# 
  1483  0008                     	;# 
  1484  0009                     	;# 
  1485  000A                     	;# 
  1486  000B                     	;# 
  1487  000C                     	;# 
  1488  000E                     	;# 
  1489  0011                     	;# 
  1490  0012                     	;# 
  1491  0013                     	;# 
  1492  0015                     	;# 
  1493  0016                     	;# 
  1494  0016                     	;# 
  1495  0017                     	;# 
  1496  0018                     	;# 
  1497  0019                     	;# 
  1498  001A                     	;# 
  1499  001B                     	;# 
  1500  001C                     	;# 
  1501  001E                     	;# 
  1502  001F                     	;# 
  1503  008C                     	;# 
  1504  008E                     	;# 
  1505  0091                     	;# 
  1506  0092                     	;# 
  1507  0093                     	;# 
  1508  0095                     	;# 
  1509  0096                     	;# 
  1510  0097                     	;# 
  1511  0098                     	;# 
  1512  0099                     	;# 
  1513  009A                     	;# 
  1514  009B                     	;# 
  1515  009B                     	;# 
  1516  009C                     	;# 
  1517  009D                     	;# 
  1518  009E                     	;# 
  1519  010C                     	;# 
  1520  010E                     	;# 
  1521  0111                     	;# 
  1522  0112                     	;# 
  1523  0113                     	;# 
  1524  0114                     	;# 
  1525  0115                     	;# 
  1526  0116                     	;# 
  1527  0117                     	;# 
  1528  0118                     	;# 
  1529  0119                     	;# 
  1530  011A                     	;# 
  1531  011B                     	;# 
  1532  011D                     	;# 
  1533  011E                     	;# 
  1534  018C                     	;# 
  1535  018E                     	;# 
  1536  0191                     	;# 
  1537  0191                     	;# 
  1538  0192                     	;# 
  1539  0193                     	;# 
  1540  0193                     	;# 
  1541  0193                     	;# 
  1542  0194                     	;# 
  1543  0195                     	;# 
  1544  0196                     	;# 
  1545  0199                     	;# 
  1546  019A                     	;# 
  1547  019B                     	;# 
  1548  019B                     	;# 
  1549  019C                     	;# 
  1550  019D                     	;# 
  1551  019E                     	;# 
  1552  019F                     	;# 
  1553  020C                     	;# 
  1554  020E                     	;# 
  1555  0211                     	;# 
  1556  0211                     	;# 
  1557  0212                     	;# 
  1558  0212                     	;# 
  1559  0213                     	;# 
  1560  0213                     	;# 
  1561  0214                     	;# 
  1562  0214                     	;# 
  1563  0215                     	;# 
  1564  0215                     	;# 
  1565  0215                     	;# 
  1566  0216                     	;# 
  1567  0216                     	;# 
  1568  0217                     	;# 
  1569  0217                     	;# 
  1570  0291                     	;# 
  1571  0291                     	;# 
  1572  0292                     	;# 
  1573  0293                     	;# 
  1574  0294                     	;# 
  1575  0295                     	;# 
  1576  0295                     	;# 
  1577  0296                     	;# 
  1578  0298                     	;# 
  1579  0298                     	;# 
  1580  0299                     	;# 
  1581  029A                     	;# 
  1582  029B                     	;# 
  1583  029C                     	;# 
  1584  029D                     	;# 
  1585  029E                     	;# 
  1586  0311                     	;# 
  1587  0311                     	;# 
  1588  0312                     	;# 
  1589  0313                     	;# 
  1590  0318                     	;# 
  1591  0318                     	;# 
  1592  0319                     	;# 
  1593  031A                     	;# 
  1594  038C                     	;# 
  1595  038E                     	;# 
  1596  0391                     	;# 
  1597  0392                     	;# 
  1598  0393                     	;# 
  1599  039A                     	;# 
  1600  039C                     	;# 
  1601  039D                     	;# 
  1602  039E                     	;# 
  1603  039F                     	;# 
  1604  0415                     	;# 
  1605  0416                     	;# 
  1606  0417                     	;# 
  1607  041C                     	;# 
  1608  041D                     	;# 
  1609  041E                     	;# 
  1610  0FE4                     	;# 
  1611  0FE5                     	;# 
  1612  0FE6                     	;# 
  1613  0FE7                     	;# 
  1614  0FE8                     	;# 
  1615  0FE9                     	;# 
  1616  0FEA                     	;# 
  1617  0FEB                     	;# 
  1618  0FED                     	;# 
  1619  0FEE                     	;# 
  1620  0FEF                     	;# 
  1621                           
  1622                           	psect	idataCOMMON
  1623  0049                     __pidataCOMMON:	
  1624                           
  1625                           ;initializer for _LED_Active_Blink
  1626  0049  34FF               	retlw	255
  1627                           
  1628                           	psect	stringtext
  1629  0022                     __pstringtext:	
  1630  0022                     _BEEP_SETTING_ERROR:	
  1631  0022  34C8               	retlw	200
  1632  0023  3400               	retlw	0
  1633  0024  3464               	retlw	100
  1634  0025  3400               	retlw	0
  1635  0026  34C8               	retlw	200
  1636  0027  3400               	retlw	0
  1637  0028  3464               	retlw	100
  1638  0029  3400               	retlw	0
  1639  002A  3490               	retlw	144
  1640  002B  3401               	retlw	1
  1641  002C  3464               	retlw	100
  1642  002D  3400               	retlw	0
  1643  002E                     __end_of_BEEP_SETTING_ERROR:	
  1644  002E                     _BEEP_ON_SETTING:	
  1645  002E  34C8               	retlw	200
  1646  002F  3400               	retlw	0
  1647  0030  3432               	retlw	50
  1648  0031  3400               	retlw	0
  1649  0032  342C               	retlw	44
  1650  0033  3401               	retlw	1
  1651  0034  3464               	retlw	100
  1652  0035  3400               	retlw	0
  1653  0036                     __end_of_BEEP_ON_SETTING:	
  1654  0036                     _BEEP_SETTING_OK:	
  1655  0036  342C               	retlw	44
  1656  0037  3401               	retlw	1
  1657  0038  3464               	retlw	100
  1658  0039  3400               	retlw	0
  1659  003A  34C8               	retlw	200
  1660  003B  3400               	retlw	0
  1661  003C  3432               	retlw	50
  1662  003D  3400               	retlw	0
  1663  003E                     __end_of_BEEP_SETTING_OK:	
  1664  003E                     _BEEP_PRESS_OK:	
  1665  003E  34C8               	retlw	200
  1666  003F  3400               	retlw	0
  1667  0040  3464               	retlw	100
  1668  0041  3400               	retlw	0
  1669  0042                     __end_of_BEEP_PRESS_OK:	
  1670  001B                     _PR2	set	27
  1671  001C                     _T2CONbits	set	28
  1672  005F                     _GIE	set	95
  1673  005C                     _INTE	set	92
  1674  0059                     _INTF	set	89
  1675  0062                     _RA2	set	98
  1676  008C                     _TRISAbits	set	140
  1677  008E                     _TRISCbits	set	142
  1678  04AE                     _INTEDG	set	1198
  1679  0462                     _TRISA2	set	1122
  1680  010E                     _LATC	set	270
  1681  0865                     _LATA5	set	2149
  1682  018C                     _ANSELA	set	396
  1683  029A                     _CCP2CON	set	666
  1684  029A                     _CCP2CONbits	set	666
  1685  0298                     _CCPR2L	set	664
  1686  029E                     _CCPTMRSbits	set	670
  1687  0393                     _IOCAF	set	915
  1688  0392                     _IOCANbits	set	914
  1689                           
  1690                           	psect	cinit
  1691  000F                     start_initialization:	
  1692                           ; #config settings
  1693                           
  1694  000F                     __initialization:	
  1695                           
  1696                           ; Clear objects allocated to COMMON
  1697  000F  01F0               	clrf	__pbssCOMMON& (0+127)
  1698  0010  01F1               	clrf	(__pbssCOMMON+1)& (0+127)
  1699  0011  01F2               	clrf	(__pbssCOMMON+2)& (0+127)
  1700  0012  01F3               	clrf	(__pbssCOMMON+3)& (0+127)
  1701  0013  01F4               	clrf	(__pbssCOMMON+4)& (0+127)
  1702  0014  01F5               	clrf	(__pbssCOMMON+5)& (0+127)
  1703  0015  01F6               	clrf	(__pbssCOMMON+6)& (0+127)
  1704  0016  01F7               	clrf	(__pbssCOMMON+7)& (0+127)
  1705  0017  01F8               	clrf	(__pbssCOMMON+8)& (0+127)
  1706  0018  01F9               	clrf	(__pbssCOMMON+9)& (0+127)
  1707  0019  01FA               	clrf	(__pbssCOMMON+10)& (0+127)
  1708  001A  01FB               	clrf	(__pbssCOMMON+11)& (0+127)
  1709                           
  1710                           ; Initialize objects allocated to COMMON
  1711  001B  3180  2049         	fcall	__pidataCOMMON	;fetch initializer
  1712  001D  00FC               	movwf	__pdataCOMMON& (0+127)
  1713  001E                     end_of_initialization:	
  1714                           ;End of C runtime variable initialization code
  1715                           
  1716  001E                     __end_of__initialization:	
  1717  001E  107E               	bcf	int$flags,0	;clear compiler interrupt flag (level 1)
  1718  001F  0020               	movlb	0
  1719  0020  3180  2842         	ljmp	_main	;jump to C main() function
  1720                           
  1721                           	psect	bssCOMMON
  1722  0070                     __pbssCOMMON:	
  1723  0070                     _strt_Beeper_Value:	
  1724  0070                     	ds	4
  1725  0074                     _p_strt_Time_Beep:	
  1726  0074                     	ds	2
  1727  0076                     LEDs_Blink_Handler@e_State:	
  1728  0076                     	ds	1
  1729  0077                     _f_Button_Interrupt_Handler:	
  1730  0077                     	ds	1
  1731  0078                     _f_IR_Interrupt_Handler:	
  1732  0078                     	ds	1
  1733  0079                     _u8_Beeper_State:	
  1734  0079                     	ds	1
  1735  007A                     _u8_Current_Beep:	
  1736  007A                     	ds	1
  1737  007B                     _u8_Number_Beep:	
  1738  007B                     	ds	1
  1739                           
  1740                           	psect	dataCOMMON
  1741  007C                     __pdataCOMMON:	
  1742  007C                     _LED_Active_Blink:	
  1743  007C                     	ds	1
  1744                           
  1745                           	psect	cstackCOMMON
  1746  007D                     __pcstackCOMMON:	
  1747  007D                     ?_isr:	
  1748  007D                     ??_isr:	
  1749                           ; 1 bytes @ 0x0
  1750                           
  1751  007D                     ?_ConfigureOscillator:	
  1752                           ; 1 bytes @ 0x0
  1753                           
  1754  007D                     ?_InitApp:	
  1755                           ; 1 bytes @ 0x0
  1756                           
  1757  007D                     ?_main:	
  1758                           ; 1 bytes @ 0x0
  1759                           
  1760                           
  1761                           ; 1 bytes @ 0x0
  1762  007D                     	ds	1
  1763  007E                     ??_ConfigureOscillator:	
  1764  007E                     ??_InitApp:	
  1765                           ; 1 bytes @ 0x1
  1766                           
  1767  007E                     ??_main:	
  1768                           ; 1 bytes @ 0x1
  1769                           
  1770                           
  1771                           	psect	maintext
  1772  0042                     __pmaintext:	
  1773                           ; 1 bytes @ 0x1
  1774 ;;
  1775 ;;Main: autosize = 0, tempsize = 0, incstack = 0, save=0
  1776 ;;
  1777 ;; *************** function _main *****************
  1778 ;; Defined at:
  1779 ;;		line 26 in file "main.c"
  1780 ;; Parameters:    Size  Location     Type
  1781 ;;		None
  1782 ;; Auto vars:     Size  Location     Type
  1783 ;;		None
  1784 ;; Return value:  Size  Location     Type
  1785 ;;                  1    wreg      void 
  1786 ;; Registers used:
  1787 ;;		status,2, status,0, pclath, cstack
  1788 ;; Tracked objects:
  1789 ;;		On entry : B1F/0
  1790 ;;		On exit  : 0/0
  1791 ;;		Unchanged: 0/0
  1792 ;; Data sizes:     COMMON   BANK0   BANK1   BANK2   BANK3   BANK4   BANK5   BANK6   BANK7   BANK8   BANK9  BANK10  BANK1
      +1  BANK12
  1793 ;;      Params:         0       0       0       0       0       0       0       0       0       0       0       0       
      +0       0
  1794 ;;      Locals:         0       0       0       0       0       0       0       0       0       0       0       0       
      +0       0
  1795 ;;      Temps:          0       0       0       0       0       0       0       0       0       0       0       0       
      +0       0
  1796 ;;      Totals:         0       0       0       0       0       0       0       0       0       0       0       0       
      +0       0
  1797 ;;Total ram usage:        0 bytes
  1798 ;; Hardware stack levels required when called:    2
  1799 ;; This function calls:
  1800 ;;		_ConfigureOscillator
  1801 ;;		_InitApp
  1802 ;; This function is called by:
  1803 ;;		Startup code after reset
  1804 ;; This function uses a non-reentrant model
  1805 ;;
  1806                           
  1807                           
  1808                           ;psect for function _main
  1809  0042                     _main:	
  1810                           
  1811                           ;main.c: 29: ConfigureOscillator();
  1812                           
  1813                           ;incstack = 0
  1814                           ; Regs used in _main: [status,2+status,0+pclath+cstack]
  1815  0042  3180  204B  3180   	fcall	_ConfigureOscillator
  1816                           
  1817                           ;main.c: 32: InitApp();
  1818  0045  3180  204A  3180   	fcall	_InitApp
  1819  0048                     l160:	
  1820                           ;main.c: 35: while(1)
  1821                           
  1822                           
  1823                           ;main.c: 36: {
  1824  0048  2848               	goto	l160
  1825  0049                     __end_of_main:	
  1826                           
  1827                           	psect	text1
  1828  004A                     __ptext1:	
  1829 ;; *************** function _InitApp *****************
  1830 ;; Defined at:
  1831 ;;		line 22 in file "user.c"
  1832 ;; Parameters:    Size  Location     Type
  1833 ;;		None
  1834 ;; Auto vars:     Size  Location     Type
  1835 ;;		None
  1836 ;; Return value:  Size  Location     Type
  1837 ;;                  1    wreg      void 
  1838 ;; Registers used:
  1839 ;;		None
  1840 ;; Tracked objects:
  1841 ;;		On entry : 0/0
  1842 ;;		On exit  : 0/0
  1843 ;;		Unchanged: 0/0
  1844 ;; Data sizes:     COMMON   BANK0   BANK1   BANK2   BANK3   BANK4   BANK5   BANK6   BANK7   BANK8   BANK9  BANK10  BANK1
      +1  BANK12
  1845 ;;      Params:         0       0       0       0       0       0       0       0       0       0       0       0       
      +0       0
  1846 ;;      Locals:         0       0       0       0       0       0       0       0       0       0       0       0       
      +0       0
  1847 ;;      Temps:          0       0       0       0       0       0       0       0       0       0       0       0       
      +0       0
  1848 ;;      Totals:         0       0       0       0       0       0       0       0       0       0       0       0       
      +0       0
  1849 ;;Total ram usage:        0 bytes
  1850 ;; Hardware stack levels used:    1
  1851 ;; Hardware stack levels required when called:    1
  1852 ;; This function calls:
  1853 ;;		Nothing
  1854 ;; This function is called by:
  1855 ;;		_main
  1856 ;; This function uses a non-reentrant model
  1857 ;;
  1858                           
  1859                           
  1860                           ;psect for function _InitApp
  1861  004A                     _InitApp:	
  1862                           
  1863                           ;incstack = 0
  1864                           ; Regs used in _InitApp: []
  1865  004A  0008               	return
  1866  004B                     __end_of_InitApp:	
  1867                           
  1868                           	psect	text2
  1869  004B                     __ptext2:	
  1870 ;; *************** function _ConfigureOscillator *****************
  1871 ;; Defined at:
  1872 ;;		line 18 in file "system.c"
  1873 ;; Parameters:    Size  Location     Type
  1874 ;;		None
  1875 ;; Auto vars:     Size  Location     Type
  1876 ;;		None
  1877 ;; Return value:  Size  Location     Type
  1878 ;;                  1    wreg      void 
  1879 ;; Registers used:
  1880 ;;		None
  1881 ;; Tracked objects:
  1882 ;;		On entry : 0/0
  1883 ;;		On exit  : 0/0
  1884 ;;		Unchanged: 0/0
  1885 ;; Data sizes:     COMMON   BANK0   BANK1   BANK2   BANK3   BANK4   BANK5   BANK6   BANK7   BANK8   BANK9  BANK10  BANK1
      +1  BANK12
  1886 ;;      Params:         0       0       0       0       0       0       0       0       0       0       0       0       
      +0       0
  1887 ;;      Locals:         0       0       0       0       0       0       0       0       0       0       0       0       
      +0       0
  1888 ;;      Temps:          0       0       0       0       0       0       0       0       0       0       0       0       
      +0       0
  1889 ;;      Totals:         0       0       0       0       0       0       0       0       0       0       0       0       
      +0       0
  1890 ;;Total ram usage:        0 bytes
  1891 ;; Hardware stack levels used:    1
  1892 ;; Hardware stack levels required when called:    1
  1893 ;; This function calls:
  1894 ;;		Nothing
  1895 ;; This function is called by:
  1896 ;;		_main
  1897 ;; This function uses a non-reentrant model
  1898 ;;
  1899                           
  1900                           
  1901                           ;psect for function _ConfigureOscillator
  1902  004B                     _ConfigureOscillator:	
  1903                           
  1904                           ;incstack = 0
  1905                           ; Regs used in _ConfigureOscillator: []
  1906  004B  0008               	return
  1907  004C                     __end_of_ConfigureOscillator:	
  1908                           
  1909                           	psect	intentry
  1910  0004                     __pintentry:	
  1911 ;; *************** function _isr *****************
  1912 ;; Defined at:
  1913 ;;		line 23 in file "interrupts.c"
  1914 ;; Parameters:    Size  Location     Type
  1915 ;;		None
  1916 ;; Auto vars:     Size  Location     Type
  1917 ;;		None
  1918 ;; Return value:  Size  Location     Type
  1919 ;;                  1    wreg      void 
  1920 ;; Registers used:
  1921 ;;		None
  1922 ;; Tracked objects:
  1923 ;;		On entry : 0/0
  1924 ;;		On exit  : 0/0
  1925 ;;		Unchanged: 0/0
  1926 ;; Data sizes:     COMMON   BANK0   BANK1   BANK2   BANK3   BANK4   BANK5   BANK6   BANK7   BANK8   BANK9  BANK10  BANK1
      +1  BANK12
  1927 ;;      Params:         0       0       0       0       0       0       0       0       0       0       0       0       
      +0       0
  1928 ;;      Locals:         0       0       0       0       0       0       0       0       0       0       0       0       
      +0       0
  1929 ;;      Temps:          1       0       0       0       0       0       0       0       0       0       0       0       
      +0       0
  1930 ;;      Totals:         1       0       0       0       0       0       0       0       0       0       0       0       
      +0       0
  1931 ;;Total ram usage:        1 bytes
  1932 ;; Hardware stack levels used:    1
  1933 ;; This function calls:
  1934 ;;		Nothing
  1935 ;; This function is called by:
  1936 ;;		Interrupt level 1
  1937 ;; This function uses a non-reentrant model
  1938 ;;
  1939                           
  1940  0004                     _isr:	
  1941                           
  1942                           ;incstack = 0
  1943                           ; Regs used in _isr: []
  1944  0004  147E               	bsf	126,0	;set compiler interrupt flag (level 1)
  1945  0005  3180               	pagesel	$
  1946  0006  0020               	movlb	0	; select bank0
  1947  0007  087F               	movf	127,w
  1948  0008  00FD               	movwf	??_isr
  1949  0009  087D               	movf	??_isr,w
  1950  000A  00FF               	movwf	127
  1951  000B  107E               	bcf	126,0	;clear compiler interrupt flag (level 1)
  1952  000C  0009               	retfie
  1953  000D                     __end_of_isr:	
  1954  007E                     btemp	set	126	;btemp
  1955  007E                     int$flags	set	126
  1956  007E                     wtemp	set	126
  1957  007E                     wtemp0	set	126
  1958  0080                     wtemp1	set	128
  1959  0082                     wtemp2	set	130
  1960  0084                     wtemp3	set	132
  1961  0086                     wtemp4	set	134
  1962  0088                     wtemp5	set	136
  1963  007F                     wtemp6	set	127
  1964  007E                     ttemp	set	126
  1965  007E                     ttemp0	set	126
  1966  0081                     ttemp1	set	129
  1967  0084                     ttemp2	set	132
  1968  0087                     ttemp3	set	135
  1969  007F                     ttemp4	set	127
  1970  007E                     ltemp	set	126
  1971  007E                     ltemp0	set	126
  1972  0082                     ltemp1	set	130
  1973  0086                     ltemp2	set	134
  1974  0080                     ltemp3	set	128


Data Sizes:
    Strings     0
    Constant    32
    Data        1
    BSS         12
    Persistent  0
    Stack       0

Auto Spaces:
    Space          Size  Autos    Used
    COMMON           14      1      14
    BANK0            80      0       0
    BANK1            80      0       0
    BANK2            80      0       0
    BANK3            80      0       0
    BANK4            80      0       0
    BANK5            80      0       0
    BANK6            80      0       0
    BANK7            80      0       0
    BANK8            80      0       0
    BANK9            80      0       0
    BANK10           80      0       0
    BANK11           80      0       0
    BANK12           48      0       0

Pointer List with Targets:

    f_Button_Interrupt_Handler	PTR PTR FTN()void  size(1) Largest target is 0
		 -> NULL(NULL[0]), 

    f_IR_Interrupt_Handler	PTR PTR FTN()void  size(1) Largest target is 0
		 -> NULL(NULL[0]), 

    p_strt_Time_Beep	PTR struct . size(2) Largest target is 12
		 -> NULL(NULL[0]), BEEP_SETTING_ERROR(CODE[12]), BEEP_SETTING_OK(CODE[8]), BEEP_ON_SETTING(CODE[8]), 
		 -> BEEP_PRESS_OK(CODE[4]), 


Critical Paths under _main in COMMON

    None.

Critical Paths under _isr in COMMON

    None.

Critical Paths under _main in BANK0

    None.

Critical Paths under _isr in BANK0

    None.

Critical Paths under _main in BANK1

    None.

Critical Paths under _isr in BANK1

    None.

Critical Paths under _main in BANK2

    None.

Critical Paths under _isr in BANK2

    None.

Critical Paths under _main in BANK3

    None.

Critical Paths under _isr in BANK3

    None.

Critical Paths under _main in BANK4

    None.

Critical Paths under _isr in BANK4

    None.

Critical Paths under _main in BANK5

    None.

Critical Paths under _isr in BANK5

    None.

Critical Paths under _main in BANK6

    None.

Critical Paths under _isr in BANK6

    None.

Critical Paths under _main in BANK7

    None.

Critical Paths under _isr in BANK7

    None.

Critical Paths under _main in BANK8

    None.

Critical Paths under _isr in BANK8

    None.

Critical Paths under _main in BANK9

    None.

Critical Paths under _isr in BANK9

    None.

Critical Paths under _main in BANK10

    None.

Critical Paths under _isr in BANK10

    None.

Critical Paths under _main in BANK11

    None.

Critical Paths under _isr in BANK11

    None.

Critical Paths under _main in BANK12

    None.

Critical Paths under _isr in BANK12

    None.

Call Graph Tables:

 ---------------------------------------------------------------------------------
 (Depth) Function   	        Calls       Base Space   Used Autos Params    Refs
 ---------------------------------------------------------------------------------
 (0) _main                                                 0     0      0       0
                _ConfigureOscillator
                            _InitApp
 ---------------------------------------------------------------------------------
 (1) _InitApp                                              0     0      0       0
 ---------------------------------------------------------------------------------
 (1) _ConfigureOscillator                                  0     0      0       0
 ---------------------------------------------------------------------------------
 Estimated maximum stack depth 1
 ---------------------------------------------------------------------------------
 (Depth) Function   	        Calls       Base Space   Used Autos Params    Refs
 ---------------------------------------------------------------------------------
 (2) _isr                                                  1     1      0       0
                                              0 COMMON     1     1      0
 ---------------------------------------------------------------------------------
 Estimated maximum stack depth 2
 ---------------------------------------------------------------------------------

 Call Graph Graphs:

 _main (ROOT)
   _ConfigureOscillator
   _InitApp

 _isr (ROOT)

 Address spaces:
Name               Size   Autos  Total    Cost      Usage
BIGRAM             3F0      0       0       0        0.0%
EEDATA             100      0       0       0        0.0%
NULL                 0      0       0       0        0.0%
CODE                 0      0       0       0        0.0%
BITCOMMON            E      0       0       1        0.0%
BITSFR0              0      0       0       1        0.0%
SFR0                 0      0       0       1        0.0%
COMMON               E      1       E       2      100.0%
BITSFR1              0      0       0       2        0.0%
SFR1                 0      0       0       2        0.0%
BITSFR2              0      0       0       3        0.0%
SFR2                 0      0       0       3        0.0%
STACK                0      0       0       3        0.0%
BITBANK0            50      0       0       4        0.0%
BITSFR3              0      0       0       4        0.0%
SFR3                 0      0       0       4        0.0%
BANK0               50      0       0       5        0.0%
BITSFR4              0      0       0       5        0.0%
SFR4                 0      0       0       5        0.0%
BITBANK1            50      0       0       6        0.0%
BITSFR5              0      0       0       6        0.0%
SFR5                 0      0       0       6        0.0%
BANK1               50      0       0       7        0.0%
BITSFR6              0      0       0       7        0.0%
SFR6                 0      0       0       7        0.0%
BITBANK2            50      0       0       8        0.0%
BITSFR7              0      0       0       8        0.0%
SFR7                 0      0       0       8        0.0%
BANK2               50      0       0       9        0.0%
BITSFR8              0      0       0       9        0.0%
SFR8                 0      0       0       9        0.0%
BITBANK3            50      0       0      10        0.0%
BITSFR9              0      0       0      10        0.0%
SFR9                 0      0       0      10        0.0%
BANK3               50      0       0      11        0.0%
BITSFR10             0      0       0      11        0.0%
SFR10                0      0       0      11        0.0%
BITBANK4            50      0       0      12        0.0%
BITSFR11             0      0       0      12        0.0%
SFR11                0      0       0      12        0.0%
BANK4               50      0       0      13        0.0%
BITSFR12             0      0       0      13        0.0%
SFR12                0      0       0      13        0.0%
BITBANK5            50      0       0      14        0.0%
BITSFR13             0      0       0      14        0.0%
SFR13                0      0       0      14        0.0%
BANK5               50      0       0      15        0.0%
BITSFR14             0      0       0      15        0.0%
SFR14                0      0       0      15        0.0%
BITBANK6            50      0       0      16        0.0%
BITSFR15             0      0       0      16        0.0%
SFR15                0      0       0      16        0.0%
BANK6               50      0       0      17        0.0%
BITSFR16             0      0       0      17        0.0%
SFR16                0      0       0      17        0.0%
BITBANK7            50      0       0      18        0.0%
BITSFR17             0      0       0      18        0.0%
SFR17                0      0       0      18        0.0%
BANK7               50      0       0      19        0.0%
BITSFR18             0      0       0      19        0.0%
SFR18                0      0       0      19        0.0%
BITSFR19             0      0       0      20        0.0%
SFR19                0      0       0      20        0.0%
ABS                  0      0       E      20        0.0%
BITBANK8            50      0       0      21        0.0%
BITSFR20             0      0       0      21        0.0%
SFR20                0      0       0      21        0.0%
BANK8               50      0       0      22        0.0%
BITSFR21             0      0       0      22        0.0%
SFR21                0      0       0      22        0.0%
BITBANK9            50      0       0      23        0.0%
BITSFR22             0      0       0      23        0.0%
SFR22                0      0       0      23        0.0%
BANK9               50      0       0      24        0.0%
BITSFR23             0      0       0      24        0.0%
SFR23                0      0       0      24        0.0%
BITBANK10           50      0       0      25        0.0%
BITSFR24             0      0       0      25        0.0%
SFR24                0      0       0      25        0.0%
BANK10              50      0       0      26        0.0%
BITSFR25             0      0       0      26        0.0%
SFR25                0      0       0      26        0.0%
BITBANK11           50      0       0      27        0.0%
BITSFR26             0      0       0      27        0.0%
SFR26                0      0       0      27        0.0%
BANK11              50      0       0      28        0.0%
BITSFR27             0      0       0      28        0.0%
SFR27                0      0       0      28        0.0%
BITBANK12           30      0       0      29        0.0%
BITSFR28             0      0       0      29        0.0%
SFR28                0      0       0      29        0.0%
BANK12              30      0       0      30        0.0%
BITSFR29             0      0       0      30        0.0%
SFR29                0      0       0      30        0.0%
BITSFR30             0      0       0      31        0.0%
SFR30                0      0       0      31        0.0%
DATA                 0      0       E      31        0.0%
BITSFR31             0      0       0      32        0.0%
SFR31                0      0       0      32        0.0%


Microchip Technology PIC Macro Assembler V1.37 build -260352376 
Symbol Table                                                                                   Thu Mar 31 22:51:16 2016

             _BEEP_SETTING_OK 0036                           l160 0048                           _GIE 005F  
                         _RA2 0062                           _PR2 001B                           _isr 0004  
             _BEEP_ON_SETTING 002E                          ?_isr 007D                          _LATC 010E  
                        _INTE 005C                          _INTF 0059                          _main 0042  
                        btemp 007E                          ltemp 007E                          start 000D  
                        ttemp 007E                          wtemp 007E               __end_of_InitApp 004B  
          _BEEP_SETTING_ERROR 0022                         ??_isr 007D                         ?_main 007D  
                       _LATA5 0865                         _IOCAF 0393           _ConfigureOscillator 004B  
                       ltemp0 007E                         ltemp1 0082                         ltemp2 0086  
                       ltemp3 0080                         ttemp0 007E                         ttemp1 0081  
                       ttemp2 0084                         ttemp3 0087                         ttemp4 007F  
                       wtemp0 007E                         wtemp1 0080                         wtemp2 0082  
                       wtemp3 0084                         wtemp4 0086                         wtemp5 0088  
                       wtemp6 007F       __end_of_BEEP_SETTING_OK 003E          ?_ConfigureOscillator 007D  
             __initialization 000F                  __end_of_main 0049       __end_of_BEEP_ON_SETTING 0036  
                      ??_main 007E              _p_strt_Time_Beep 0074              _LED_Active_Blink 007C  
                      _CCPR2L 0298                        _ANSELA 018C                        _INTEDG 04AE  
                      _TRISA2 0462                     ??_InitApp 007E         ??_ConfigureOscillator 007E  
                __pdataCOMMON 007C       __end_of__initialization 001E                 _BEEP_PRESS_OK 003E  
              __pcstackCOMMON 007D               _u8_Current_Beep 007A                    __pmaintext 0042  
                  __pintentry 0004                       _CCP2CON 029A                       _InitApp 004A  
                     __ptext1 004A                       __ptext2 004B                     _T2CONbits 001C  
                __size_of_isr 0009     LEDs_Blink_Handler@e_State 0076                     _IOCANbits 0392  
        end_of_initialization 001E                  __pstringtext 0022                     _TRISAbits 008C  
                   _TRISCbits 008E   __end_of_ConfigureOscillator 004C                   _CCP2CONbits 029A  
               __pidataCOMMON 0049           start_initialization 000F                   __end_of_isr 000D  
                 _CCPTMRSbits 029E                   __pbssCOMMON 0070                     ___latbits 0002  
                    ?_InitApp 007D        _f_IR_Interrupt_Handler 0078                _u8_Number_Beep 007B  
  __end_of_BEEP_SETTING_ERROR 002E         __end_of_BEEP_PRESS_OK 0042              __size_of_InitApp 0001  
               __size_of_main 0007  __size_of_ConfigureOscillator 0001               _u8_Beeper_State 0079  
                    int$flags 007E                      intlevel1 0000             _strt_Beeper_Value 0070  
  _f_Button_Interrupt_Handler 0077  
